<?xml version="1.0" encoding="UTF-8"?>
<!-- Generated by org.testng.reporters.JUnitReportReporter -->
<testsuite hostname="DESKTOP-802VLA7" failures="0" tests="1" name="EcommerceProject.Test.Cartexecution" time="31.023" errors="0" timestamp="2024-07-06T13:40:14 IST" skipped="0">
  <testcase classname="EcommerceProject.Test.Cartexecution" name="cartTest1" time="31.023"/>
</testsuite> <!-- EcommerceProject.Test.Cartexecution -->
