<?xml version="1.0" encoding="UTF-8"?>
<!-- Generated by org.testng.reporters.JUnitReportReporter -->
<testsuite hostname="DESKTOP-802VLA7" failures="0" tests="1" name="EcommerceProject.Test.Mainexecution" time="20.154" errors="0" timestamp="2024-07-06T13:40:14 IST" skipped="0">
  <testcase classname="EcommerceProject.Test.Mainexecution" name="mainTest1" time="20.154"/>
</testsuite> <!-- EcommerceProject.Test.Mainexecution -->
