<?xml version="1.0" encoding="UTF-8"?>
<!-- Generated by org.testng.reporters.JUnitReportReporter -->
<testsuite hostname="DESKTOP-802VLA7" failures="0" tests="4" name="EcommerceProject.Test.Registrationexecution" time="145.183" errors="0" timestamp="2024-07-06T13:40:14 IST" skipped="0">
  <testcase classname="EcommerceProject.Test.Registrationexecution" name="registerTest1" time="14.040"/>
  <testcase classname="EcommerceProject.Test.Registrationexecution" name="registerTest3" time="103.373"/>
  <testcase classname="EcommerceProject.Test.Registrationexecution" name="registerTest2" time="12.600"/>
  <testcase classname="EcommerceProject.Test.Registrationexecution" name="registerTest1" time="15.170"/>
</testsuite> <!-- EcommerceProject.Test.Registrationexecution -->
