<?xml version="1.0" encoding="UTF-8"?>
<!-- Generated by org.testng.reporters.JUnitReportReporter -->
<testsuite hostname="DESKTOP-802VLA7" failures="0" tests="2" name="EcommerceProject.Test.Checkoutexecution" time="60.424" errors="0" timestamp="2024-07-06T13:40:14 IST" skipped="0">
  <testcase classname="EcommerceProject.Test.Checkoutexecution" name="chreckOutTest2" time="26.164"/>
  <testcase classname="EcommerceProject.Test.Checkoutexecution" name="checkOutTest1" time="34.260"/>
</testsuite> <!-- EcommerceProject.Test.Checkoutexecution -->
